<?xml version="1.0" encoding="UTF-8"?>
<testng-results ignored="0" total="1" passed="1" failed="0" skipped="0">
  <reporter-output>
  </reporter-output>
  <suite started-at="2024-03-22T14:59:14 IST" name="Default suite" finished-at="2024-03-22T14:59:49 IST" duration-ms="34785">
    <groups>
    </groups>
    <test started-at="2024-03-22T14:59:14 IST" name="Default test" finished-at="2024-03-22T14:59:49 IST" duration-ms="34785">
      <class name="BQA_Class.Datadriven">
        <test-method is-config="true" signature="beforeTest()[pri:0, instance:BQA_Class.Datadriven@7c729a55]" started-at="2024-03-22T14:59:15 IST" name="beforeTest" finished-at="2024-03-22T14:59:18 IST" duration-ms="3268" status="PASS">
          <reporter-output>
          </reporter-output>
        </test-method> <!-- beforeTest -->
        <test-method signature="f()[pri:0, instance:BQA_Class.Datadriven@7c729a55]" started-at="2024-03-22T14:59:18 IST" name="f" finished-at="2024-03-22T14:59:49 IST" duration-ms="31473" status="PASS">
          <reporter-output>
          </reporter-output>
        </test-method> <!-- f -->
        <test-method is-config="true" signature="afterTest()[pri:0, instance:BQA_Class.Datadriven@7c729a55]" started-at="2024-03-22T14:59:49 IST" name="afterTest" finished-at="2024-03-22T14:59:49 IST" duration-ms="0" status="PASS">
          <reporter-output>
          </reporter-output>
        </test-method> <!-- afterTest -->
      </class> <!-- BQA_Class.Datadriven -->
    </test> <!-- Default test -->
  </suite> <!-- Default suite -->
</testng-results>
