<?xml version="1.0" encoding="UTF-8"?>
<testng-results ignored="0" total="1" passed="1" failed="0" skipped="0">
  <reporter-output>
  </reporter-output>
  <suite started-at="2024-03-08T20:39:18 IST" name="Default suite" finished-at="2024-03-08T20:39:39 IST" duration-ms="20941">
    <groups>
    </groups>
    <test started-at="2024-03-08T20:39:18 IST" name="Default test" finished-at="2024-03-08T20:39:39 IST" duration-ms="20941">
      <class name="AQAclass.FilpkartGeneric">
        <test-method is-config="true" signature="beforeTest()[pri:0, instance:AQAclass.FilpkartGeneric@7334aada]" started-at="2024-03-08T20:39:18 IST" name="beforeTest" finished-at="2024-03-08T20:39:24 IST" duration-ms="5617" status="PASS">
          <reporter-output>
          </reporter-output>
        </test-method> <!-- beforeTest -->
        <test-method signature="clickable()[pri:0, instance:AQAclass.FilpkartGeneric@7334aada]" started-at="2024-03-08T20:39:24 IST" name="clickable" finished-at="2024-03-08T20:39:39 IST" duration-ms="15286" status="PASS">
          <reporter-output>
          </reporter-output>
        </test-method> <!-- clickable -->
        <test-method is-config="true" signature="afterTest()[pri:0, instance:AQAclass.FilpkartGeneric@7334aada]" started-at="2024-03-08T20:39:39 IST" name="afterTest" finished-at="2024-03-08T20:39:39 IST" duration-ms="0" status="PASS">
          <reporter-output>
          </reporter-output>
        </test-method> <!-- afterTest -->
      </class> <!-- AQAclass.FilpkartGeneric -->
    </test> <!-- Default test -->
  </suite> <!-- Default suite -->
</testng-results>
